<?xml version="1.0" encoding="UTF-8"?>
<testng-results skipped="0" failed="0" ignored="0" total="0" passed="0">
  <reporter-output>
  </reporter-output>
  <suite name="com.nopcommerce.demo.cucumber.runner.TestRunner" duration-ms="9" started-at="2023-02-04T20:41:22Z" finished-at="2023-02-04T20:41:22Z">
    <groups>
    </groups>
    <test name="Command line test" duration-ms="9" started-at="2023-02-04T20:41:22Z" finished-at="2023-02-04T20:41:22Z">
    </test> <!-- Command line test -->
  </suite> <!-- com.nopcommerce.demo.cucumber.runner.TestRunner -->
</testng-results>
